#-----------------------------------------------------------
# Vivado v2015.3 (64-bit)
# SW Build 1368829 on Mon Sep 28 20:06:43 MDT 2015
# IP Build 1367837 on Mon Sep 28 08:56:14 MDT 2015
# Start of session at: Sat Dec 14 17:33:37 2019
# Process ID: 20736
# Current directory: D:/A_GW/Courses/Computer_organization/lab/vivado/CPU
# Command line: vivado.exe -gui_launcher_event rodinguilauncherevent13732 D:\A_GW\Courses\Computer_organization\lab\vivado\CPU\CPU.xpr
# Log file: D:/A_GW/Courses/Computer_organization/lab/vivado/CPU/vivado.log
# Journal file: D:/A_GW/Courses/Computer_organization/lab/vivado/CPU\vivado.jou
#-----------------------------------------------------------
start_gui
open_project D:/A_GW/Courses/Computer_organization/lab/vivado/CPU/CPU.xpr
Scanning sources...
Finished scanning sources
INFO: [IP_Flow 19-234] Refreshing IP repositories
INFO: [IP_Flow 19-1704] No user IP repositories specified
INFO: [IP_Flow 19-2313] Loaded Vivado IP repository 'D:/Program/xilinx_vivado/Vivado/2015.3/data/ip'.
open_project: Time (s): cpu = 00:00:31 ; elapsed = 00:00:14 . Memory (MB): peak = 819.262 ; gain = 160.578
exit
INFO: [Common 17-206] Exiting Vivado at Sat Dec 14 17:34:27 2019...
