#-----------------------------------------------------------
# Vivado v2015.3 (64-bit)
# SW Build 1368829 on Mon Sep 28 20:06:43 MDT 2015
# IP Build 1367837 on Mon Sep 28 08:56:14 MDT 2015
# Start of session at: Sun Dec 08 15:24:54 2019
# Process ID: 12540
# Current directory: D:/A_GW/Courses/Computer_organization/lab/vivado/CPU
# Command line: vivado.exe -gui_launcher_event rodinguilauncherevent6204 D:\A_GW\Courses\Computer_organization\lab\vivado\CPU\CPU.xpr
# Log file: D:/A_GW/Courses/Computer_organization/lab/vivado/CPU/vivado.log
# Journal file: D:/A_GW/Courses/Computer_organization/lab/vivado/CPU\vivado.jou
#-----------------------------------------------------------
start_gui
open_project D:/A_GW/Courses/Computer_organization/lab/vivado/CPU/CPU.xpr
Scanning sources...
Finished scanning sources
INFO: [IP_Flow 19-234] Refreshing IP repositories
INFO: [IP_Flow 19-1704] No user IP repositories specified
INFO: [IP_Flow 19-2313] Loaded Vivado IP repository 'D:/Program/xilinx_vivado/Vivado/2015.3/data/ip'.
open_project: Time (s): cpu = 00:00:12 ; elapsed = 00:00:15 . Memory (MB): peak = 780.324 ; gain = 132.777
launch_simulation
INFO: [USF-XSim-27] Simulation object is 'sim_1'
INFO: [USF-XSim-37] Inspecting design source files for 'top_sim' in fileset 'sim_1'...
INFO: [USF-XSim-25] Exported 'D:/A_GW/Courses/Computer_organization/lab/vivado/CPU/CPU.sim/sim_1/behav/Ins_Rom.mif'
INFO: [USF-XSim-25] Exported 'D:/A_GW/Courses/Computer_organization/lab/vivado/CPU/CPU.sim/sim_1/behav/IMemInput.coe'
INFO: [USF-XSim-97] Finding global include files...
INFO: [USF-XSim-98] Fetching design files from 'sim_1'...
INFO: [USF-XSim-2] XSim::Compile design
INFO: [USF-XSim-61] Executing 'COMPILE' step in 'D:/A_GW/Courses/Computer_organization/lab/vivado/CPU/CPU.sim/sim_1/behav'
"xvlog -m64 --relax -prj top_sim_vlog.prj"
INFO: [VRFC 10-2263] Analyzing Verilog file "D:/A_GW/Courses/Computer_organization/lab/vivado/CPU/CPU.srcs/sources_1/new/regFile.v" into library xil_defaultlib
INFO: [VRFC 10-311] analyzing module regFile
INFO: [VRFC 10-2263] Analyzing Verilog file "D:/A_GW/Courses/Computer_organization/lab/vivado/CPU/CPU.srcs/sources_1/new/controller.v" into library xil_defaultlib
INFO: [VRFC 10-311] analyzing module controller
INFO: [VRFC 10-2263] Analyzing Verilog file "D:/A_GW/Courses/Computer_organization/lab/vivado/CPU/CPU.srcs/sources_1/new/signext.v" into library xil_defaultlib
INFO: [VRFC 10-311] analyzing module signext
INFO: [VRFC 10-2263] Analyzing Verilog file "D:/A_GW/Courses/Computer_organization/lab/vivado/CPU/CPU.srcs/sources_1/new/IMEM.v" into library xil_defaultlib
INFO: [VRFC 10-311] analyzing module IMEM
INFO: [VRFC 10-2263] Analyzing Verilog file "D:/A_GW/Courses/Computer_organization/lab/vivado/CPU/CPU.srcs/sources_1/new/DRAM.v" into library xil_defaultlib
INFO: [VRFC 10-311] analyzing module DRAM
INFO: [VRFC 10-2263] Analyzing Verilog file "D:/A_GW/Courses/Computer_organization/lab/vivado/CPU/CPU.srcs/sources_1/new/aluCtr.v" into library xil_defaultlib
INFO: [VRFC 10-311] analyzing module aluCtr
INFO: [VRFC 10-2263] Analyzing Verilog file "D:/A_GW/Courses/Computer_organization/lab/vivado/CPU/CPU.srcs/sources_1/new/ALU.v" into library xil_defaultlib
INFO: [VRFC 10-311] analyzing module ALU
INFO: [VRFC 10-2263] Analyzing Verilog file "D:/A_GW/Courses/Computer_organization/lab/vivado/CPU/CPU.srcs/sources_1/new/top.v" into library xil_defaultlib
INFO: [VRFC 10-311] analyzing module top
WARNING: [VRFC 10-1315] redeclaration of ansi port inst is not allowed [D:/A_GW/Courses/Computer_organization/lab/vivado/CPU/CPU.srcs/sources_1/new/top.v:32]
WARNING: [VRFC 10-1315] redeclaration of ansi port pc is not allowed [D:/A_GW/Courses/Computer_organization/lab/vivado/CPU/CPU.srcs/sources_1/new/top.v:33]
INFO: [VRFC 10-2263] Analyzing Verilog file "D:/A_GW/Courses/Computer_organization/lab/vivado/CPU/CPU.srcs/sim_1/new/top_sim.v" into library xil_defaultlib
INFO: [VRFC 10-311] analyzing module top_sim
INFO: [VRFC 10-2263] Analyzing Verilog file "D:/A_GW/Courses/Computer_organization/lab/vivado/CPU/CPU.sim/sim_1/behav/glbl.v" into library xil_defaultlib
INFO: [VRFC 10-311] analyzing module glbl
INFO: [USF-XSim-3] XSim::Elaborate design
INFO: [USF-XSim-61] Executing 'ELABORATE' step in 'D:/A_GW/Courses/Computer_organization/lab/vivado/CPU/CPU.sim/sim_1/behav'
Vivado Simulator 2015.3
Copyright 1986-1999, 2001-2015 Xilinx, Inc. All Rights Reserved.
Running: D:/Program/xilinx_vivado/Vivado/2015.3/bin/unwrapped/win64.o/xelab.exe -wto b39a15f07d504971bcc387e74e81784e --debug typical --relax --mt 2 -L xil_defaultlib -L unisims_ver -L unimacro_ver -L secureip --snapshot top_sim_behav xil_defaultlib.top_sim xil_defaultlib.glbl -log elaborate.log 
Using 2 slave threads.
Starting static elaboration
Completed static elaboration
Starting simulation data flow analysis
Completed simulation data flow analysis
Time Resolution for simulation is 1ps
Compiling module xil_defaultlib.controller
Compiling module xil_defaultlib.aluCtr
Compiling module xil_defaultlib.regFile
Compiling module xil_defaultlib.ALU
Compiling module xil_defaultlib.DRAM
Compiling module xil_defaultlib.signext
Compiling module xil_defaultlib.IMEM
Compiling module xil_defaultlib.top
Compiling module xil_defaultlib.top_sim
Compiling module xil_defaultlib.glbl
Built simulation snapshot top_sim_behav

****** Webtalk v2015.3 (64-bit)
  **** SW Build 1368829 on Mon Sep 28 20:06:43 MDT 2015
  **** IP Build 1367837 on Mon Sep 28 08:56:14 MDT 2015
    ** Copyright 1986-2015 Xilinx, Inc. All Rights Reserved.

source D:/A_GW/Courses/Computer_organization/lab/vivado/CPU/CPU.sim/sim_1/behav/xsim.dir/top_sim_behav/webtalk/xsim_webtalk.tcl -notrace
INFO: [Common 17-206] Exiting Webtalk at Sun Dec 08 15:29:05 2019...
run_program: Time (s): cpu = 00:00:00 ; elapsed = 00:00:07 . Memory (MB): peak = 820.340 ; gain = 0.000
INFO: [USF-XSim-4] XSim::Simulate design
INFO: [USF-XSim-61] Executing 'SIMULATE' step in 'D:/A_GW/Courses/Computer_organization/lab/vivado/CPU/CPU.sim/sim_1/behav'
INFO: [USF-XSim-98] *** Running xsim
   with args "top_sim_behav -key {Behavioral:sim_1:Functional:top_sim} -tclbatch {top_sim.tcl} -view {D:/A_GW/Courses/Computer_organization/lab/vivado/CPU/top_sim_behav.wcfg} -log {simulate.log}"
INFO: [USF-XSim-8] Loading simulator feature
Vivado Simulator 2015.3
Time resolution is 1 ps
open_wave_config D:/A_GW/Courses/Computer_organization/lab/vivado/CPU/top_sim_behav.wcfg
source top_sim.tcl
# set curr_wave [current_wave_config]
# if { [string length $curr_wave] == 0 } {
#   if { [llength [get_objects]] > 0} {
#     add_wave /
#     set_property needs_save false [current_wave_config]
#   } else {
#      send_msg_id Add_Wave-1 WARNING "No top level signals found. Simulator will start without a wave window. If you want to open a wave window go to 'File->New Waveform Configuration' or type 'create_wave_config' in the TCL console."
#   }
# }
# run 1000ns
INFO: [USF-XSim-96] XSim completed. Design snapshot 'top_sim_behav' loaded.
INFO: [USF-XSim-97] XSim simulation ran for 1000ns
launch_simulation: Time (s): cpu = 00:00:03 ; elapsed = 00:00:14 . Memory (MB): peak = 820.340 ; gain = 0.000
close_sim
INFO: [Simtcl 6-16] Simulation closed
close_sim: Time (s): cpu = 00:00:02 ; elapsed = 00:00:08 . Memory (MB): peak = 820.340 ; gain = 0.000
exit
INFO: [Common 17-206] Exiting Vivado at Mon Dec 09 02:00:46 2019...
